\BOOKMARK [1][-]{section.1}{\376\377\000T\000a\000s\000k\000\040\000a\000n\000d\000\040\000D\000a\000t\000a}{}% 1
\BOOKMARK [2][-]{subsection.1.1}{\376\377\000T\000a\000s\000k}{section.1}% 2
\BOOKMARK [2][-]{subsection.1.2}{\376\377\000D\000a\000t\000a\000s\000e\000t}{section.1}% 3
\BOOKMARK [1][-]{section.2}{\376\377\000D\000a\000t\000a\000\040\000P\000r\000e\000p\000r\000o\000c\000e\000s\000s\000i\000n\000g\000\040\000a\000n\000d\000\040\000F\000e\000a\000t\000u\000r\000e\000\040\000E\000n\000g\000i\000n\000e\000e\000r\000i\000n\000g}{}% 4
\BOOKMARK [2][-]{subsection.2.1}{\376\377\000D\000a\000t\000a\000\040\000P\000r\000e\000p\000r\000o\000c\000e\000s\000s\000i\000n\000g}{section.2}% 5
\BOOKMARK [2][-]{subsection.2.2}{\376\377\000F\000e\000a\000t\000u\000r\000e\000\040\000E\000n\000g\000i\000n\000e\000e\000r\000i\000n\000g}{section.2}% 6
\BOOKMARK [3][-]{subsubsection.2.2.1}{\376\377\000S\000y\000s\000t\000e\000m\000a\000t\000i\000c\000\040\000F\000e\000a\000t\000u\000r\000e\000\040\000E\000n\000g\000i\000n\000e\000e\000r\000i\000n\000g\000\040\000P\000r\000o\000c\000e\000s\000s}{subsection.2.2}% 7
\BOOKMARK [3][-]{subsubsection.2.2.2}{\376\377\000F\000e\000a\000t\000u\000r\000e\000-\000b\000y\000-\000F\000e\000a\000t\000u\000r\000e\000\040\000E\000n\000g\000i\000n\000e\000e\000r\000i\000n\000g}{subsection.2.2}% 8
\BOOKMARK [3][-]{subsubsection.2.2.3}{\376\377\000I\000n\000t\000e\000r\000a\000c\000t\000i\000o\000n\000\040\000F\000e\000a\000t\000u\000r\000e\000s}{subsection.2.2}% 9
\BOOKMARK [2][-]{subsection.2.3}{\376\377\000F\000i\000n\000a\000l\000\040\000F\000e\000a\000t\000u\000r\000e\000\040\000E\000n\000g\000i\000n\000e\000e\000r\000i\000n\000g\000\040\000P\000i\000p\000e\000l\000i\000n\000e}{section.2}% 10
\BOOKMARK [1][-]{section.3}{\376\377\000M\000o\000d\000e\000l\000\040\000C\000o\000m\000p\000a\000r\000i\000s\000o\000n\000\040\000a\000n\000d\000\040\000H\000y\000p\000e\000r\000p\000a\000r\000a\000m\000e\000t\000e\000r\000\040\000T\000u\000n\000i\000n\000g}{}% 11
\BOOKMARK [2][-]{subsection.3.1}{\376\377\000M\000o\000d\000e\000l\000\040\000C\000o\000m\000p\000a\000r\000i\000s\000o\000n}{section.3}% 12
\BOOKMARK [2][-]{subsection.3.2}{\376\377\000H\000y\000p\000e\000r\000p\000a\000r\000m\000e\000t\000e\000r\000\040\000T\000u\000n\000i\000n\000g}{section.3}% 13
\BOOKMARK [1][-]{section.4}{\376\377\000F\000i\000n\000a\000l\000\040\000R\000e\000s\000u\000l\000t}{}% 14
\BOOKMARK [1][-]{appendix.A}{\376\377\000A\000p\000e\000n\000d\000i\000x}{}% 15
\BOOKMARK [2][-]{subsection.A.1}{\376\377\000S\000o\000u\000r\000c\000e\000\040\000C\000o\000d\000e}{appendix.A}% 16
\BOOKMARK [2][-]{subsection.A.2}{\376\377\000P\000r\000e\000p\000r\000o\000c\000e\000s\000s\000i\000n\000g\000\040\000N\000o\000t\000e\000b\000o\000o\000k\000\040\000\050\000p\000r\000e\000p\000r\000o\000c\000e\000s\000s\000i\000n\000g\000.\000i\000p\000y\000n\000b\000\051}{appendix.A}% 17
\BOOKMARK [2][-]{subsection.A.3}{\376\377\000F\000e\000a\000t\000u\000r\000e\000\040\000E\000n\000g\000i\000n\000e\000e\000r\000i\000n\000g\000\040\000N\000o\000t\000e\000b\000o\000o\000k\000\040\000\050\000f\000e\000a\000t\000u\000r\000e\000-\000e\000n\000g\000i\000n\000e\000e\000r\000i\000n\000g\000.\000i\000p\000y\000n\000b\000\051}{appendix.A}% 18
\BOOKMARK [2][-]{subsection.A.4}{\376\377\000M\000o\000d\000e\000l\000\040\000C\000o\000m\000p\000a\000r\000i\000s\000o\000n\000\040\000N\000o\000t\000e\000b\000o\000o\000k\000\040\000\050\000m\000o\000d\000e\000l\000s\000.\000i\000p\000y\000n\000b\000\051}{appendix.A}% 19
\BOOKMARK [2][-]{subsection.A.5}{\376\377\000H\000y\000p\000e\000r\000p\000a\000r\000a\000m\000e\000t\000e\000r\000\040\000T\000u\000n\000i\000n\000g\000\040\000N\000o\000t\000e\000b\000o\000o\000k\000\040\000\050\000h\000y\000p\000e\000r\000p\000a\000r\000a\000m\000e\000t\000e\000r\000-\000t\000u\000n\000i\000n\000g\000.\000i\000p\000y\000n\000b\000\051}{appendix.A}% 20
\BOOKMARK [2][-]{subsection.A.6}{\376\377\000P\000r\000e\000p\000r\000o\000c\000e\000s\000s\000i\000n\000g\000\040\000C\000o\000d\000e\000\040\000\050\000p\000r\000e\000p\000r\000o\000c\000e\000s\000s\000i\000n\000g\000.\000p\000y\000\051}{appendix.A}% 21
\BOOKMARK [2][-]{subsection.A.7}{\376\377\000E\000x\000p\000e\000r\000i\000m\000e\000n\000t\000\040\000C\000o\000d\000e\000\040\000\050\000e\000x\000p\000e\000r\000i\000m\000e\000n\000t\000.\000p\000y\000\051}{appendix.A}% 22
\BOOKMARK [2][-]{subsection.A.8}{\376\377\000F\000e\000a\000t\000u\000r\000e\000\040\000E\000n\000g\000i\000n\000e\000e\000r\000i\000n\000g\000\040\000C\000o\000d\000e\000\040\000\050\000f\000e\000a\000t\000u\000r\000e\000_\000e\000n\000g\000i\000n\000e\000e\000r\000i\000n\000g\000.\000p\000y\000\051}{appendix.A}% 23
\BOOKMARK [2][-]{subsection.A.9}{\376\377\000C\000o\000n\000s\000t\000a\000n\000t\000s\000\040\000C\000o\000d\000e\000\040\000\050\000c\000o\000n\000s\000t\000s\000.\000p\000y\000\051}{appendix.A}% 24
